<?xml version="1.0" encoding="UTF-8"?>
<!-- Generated by org.testng.reporters.JUnitReportReporter -->
<testsuite hostname="DESKTOP-I8PK2FP" failures="0" tests="2" name="test.day3" time="0.002" errors="0" timestamp="2022-06-06T23:30:05 EDT" skipped="0">
  <testcase classname="test.day3" name="WebloginCarLoan" time="0.001"/>
  <system-out/>
  <testcase classname="test.day3" name="LoginAPIcarLoan" time="0.001"/>
  <system-out/>
</testsuite> <!-- test.day3 -->
