<?xml version="1.0" encoding="UTF-8"?>
<!-- Generated by org.testng.reporters.JUnitReportReporter -->
<testsuite hostname="DESKTOP-I8PK2FP" failures="0" tests="1" name="test.day1" time="0.004" errors="0" timestamp="2022-06-06T23:30:05 EDT" skipped="0">
  <testcase classname="test.day1" name="Demo" time="0.004"/>
  <system-out/>
</testsuite> <!-- test.day1 -->
