<?xml version="1.0" encoding="UTF-8"?>
<!-- Generated by org.testng.reporters.JUnitReportReporter -->
<testsuite hostname="DESKTOP-I8PK2FP" failures="0" tests="2" name="test.day4" time="0.007" errors="0" timestamp="2022-06-06T23:30:05 EDT" skipped="0">
  <testcase classname="test.day4" name="LoginAPIHomeLoan" time="0.001"/>
  <system-out/>
  <testcase classname="test.day4" name="WebloginHomeLoan" time="0.006"/>
  <system-out/>
</testsuite> <!-- test.day4 -->
